<?xml version="1.0" encoding="UTF-8"?>
<testsuite xmlns:xsi="http://www.w3.org/2001/XMLSchema-instance" xsi:noNamespaceSchemaLocation="https://maven.apache.org/surefire/maven-surefire-plugin/xsd/surefire-test-report.xsd" name="Страница категории курса" time="5.131" tests="1" errors="0" skipped="0" failures="0">
  <properties>
    <property name="base.url" value="https://otus.ru"/>
    <property name="java.specification.version" value="18"/>
    <property name="sun.jnu.encoding" value="UTF-8"/>
    <property name="java.class.path" value="/Users/p.balahonov/IdeaProjects/Java-qa-pro/target/test-classes:/Users/p.balahonov/IdeaProjects/Java-qa-pro/target/classes:/Users/p.balahonov/.m2/repository/io/github/bonigarcia/webdrivermanager/4.2.0/webdrivermanager-4.2.0.jar:/Users/p.balahonov/.m2/repository/org/slf4j/slf4j-api/1.7.30/slf4j-api-1.7.30.jar:/Users/p.balahonov/.m2/repository/commons-io/commons-io/2.7/commons-io-2.7.jar:/Users/p.balahonov/.m2/repository/com/google/code/gson/gson/2.8.6/gson-2.8.6.jar:/Users/p.balahonov/.m2/repository/org/apache/commons/commons-lang3/3.11/commons-lang3-3.11.jar:/Users/p.balahonov/.m2/repository/org/apache/httpcomponents/client5/httpclient5/5.0.1/httpclient5-5.0.1.jar:/Users/p.balahonov/.m2/repository/org/apache/httpcomponents/core5/httpcore5/5.0.1/httpcore5-5.0.1.jar:/Users/p.balahonov/.m2/repository/org/apache/httpcomponents/core5/httpcore5-h2/5.0.1/httpcore5-h2-5.0.1.jar:/Users/p.balahonov/.m2/repository/commons-codec/commons-codec/1.13/commons-codec-1.13.jar:/Users/p.balahonov/.m2/repository/org/rauschig/jarchivelib/1.0.0/jarchivelib-1.0.0.jar:/Users/p.balahonov/.m2/repository/org/apache/commons/commons-compress/1.18/commons-compress-1.18.jar:/Users/p.balahonov/.m2/repository/org/jsoup/jsoup/1.13.1/jsoup-1.13.1.jar:/Users/p.balahonov/.m2/repository/org/seleniumhq/selenium/selenium-java/3.141.59/selenium-java-3.141.59.jar:/Users/p.balahonov/.m2/repository/org/seleniumhq/selenium/selenium-api/3.141.59/selenium-api-3.141.59.jar:/Users/p.balahonov/.m2/repository/org/seleniumhq/selenium/selenium-chrome-driver/3.141.59/selenium-chrome-driver-3.141.59.jar:/Users/p.balahonov/.m2/repository/org/seleniumhq/selenium/selenium-edge-driver/3.141.59/selenium-edge-driver-3.141.59.jar:/Users/p.balahonov/.m2/repository/org/seleniumhq/selenium/selenium-firefox-driver/3.141.59/selenium-firefox-driver-3.141.59.jar:/Users/p.balahonov/.m2/repository/org/seleniumhq/selenium/selenium-ie-driver/3.141.59/selenium-ie-driver-3.141.59.jar:/Users/p.balahonov/.m2/repository/org/seleniumhq/selenium/selenium-opera-driver/3.141.59/selenium-opera-driver-3.141.59.jar:/Users/p.balahonov/.m2/repository/org/seleniumhq/selenium/selenium-remote-driver/3.141.59/selenium-remote-driver-3.141.59.jar:/Users/p.balahonov/.m2/repository/org/seleniumhq/selenium/selenium-safari-driver/3.141.59/selenium-safari-driver-3.141.59.jar:/Users/p.balahonov/.m2/repository/org/seleniumhq/selenium/selenium-support/3.141.59/selenium-support-3.141.59.jar:/Users/p.balahonov/.m2/repository/net/bytebuddy/byte-buddy/1.8.15/byte-buddy-1.8.15.jar:/Users/p.balahonov/.m2/repository/org/apache/commons/commons-exec/1.3/commons-exec-1.3.jar:/Users/p.balahonov/.m2/repository/com/google/guava/guava/25.0-jre/guava-25.0-jre.jar:/Users/p.balahonov/.m2/repository/com/google/code/findbugs/jsr305/1.3.9/jsr305-1.3.9.jar:/Users/p.balahonov/.m2/repository/org/checkerframework/checker-compat-qual/2.0.0/checker-compat-qual-2.0.0.jar:/Users/p.balahonov/.m2/repository/com/google/errorprone/error_prone_annotations/2.1.3/error_prone_annotations-2.1.3.jar:/Users/p.balahonov/.m2/repository/com/google/j2objc/j2objc-annotations/1.1/j2objc-annotations-1.1.jar:/Users/p.balahonov/.m2/repository/org/codehaus/mojo/animal-sniffer-annotations/1.14/animal-sniffer-annotations-1.14.jar:/Users/p.balahonov/.m2/repository/com/squareup/okhttp3/okhttp/3.11.0/okhttp-3.11.0.jar:/Users/p.balahonov/.m2/repository/com/squareup/okio/okio/1.14.0/okio-1.14.0.jar:/Users/p.balahonov/.m2/repository/org/junit/jupiter/junit-jupiter/5.8.1/junit-jupiter-5.8.1.jar:/Users/p.balahonov/.m2/repository/org/junit/jupiter/junit-jupiter-api/5.8.1/junit-jupiter-api-5.8.1.jar:/Users/p.balahonov/.m2/repository/org/opentest4j/opentest4j/1.2.0/opentest4j-1.2.0.jar:/Users/p.balahonov/.m2/repository/org/junit/platform/junit-platform-commons/1.8.1/junit-platform-commons-1.8.1.jar:/Users/p.balahonov/.m2/repository/org/junit/jupiter/junit-jupiter-params/5.8.1/junit-jupiter-params-5.8.1.jar:/Users/p.balahonov/.m2/repository/org/junit/jupiter/junit-jupiter-engine/5.8.1/junit-jupiter-engine-5.8.1.jar:/Users/p.balahonov/.m2/repository/io/cucumber/cucumber-junit-platform-engine/5.5.0/cucumber-junit-platform-engine-5.5.0.jar:/Users/p.balahonov/.m2/repository/io/cucumber/cucumber-core/5.5.0/cucumber-core-5.5.0.jar:/Users/p.balahonov/.m2/repository/io/cucumber/cucumber-gherkin/5.5.0/cucumber-gherkin-5.5.0.jar:/Users/p.balahonov/.m2/repository/io/cucumber/cucumber-gherkin-vintage/5.5.0/cucumber-gherkin-vintage-5.5.0.jar:/Users/p.balahonov/.m2/repository/io/cucumber/tag-expressions/2.0.4/tag-expressions-2.0.4.jar:/Users/p.balahonov/.m2/repository/io/cucumber/cucumber-expressions/8.3.1/cucumber-expressions-8.3.1.jar:/Users/p.balahonov/.m2/repository/io/cucumber/datatable/3.3.0/datatable-3.3.0.jar:/Users/p.balahonov/.m2/repository/io/cucumber/cucumber-plugin/5.5.0/cucumber-plugin-5.5.0.jar:/Users/p.balahonov/.m2/repository/io/cucumber/docstring/5.5.0/docstring-5.5.0.jar:/Users/p.balahonov/.m2/repository/org/junit/platform/junit-platform-engine/1.6.0/junit-platform-engine-1.6.0.jar:/Users/p.balahonov/.m2/repository/io/cucumber/cucumber-java/5.5.0/cucumber-java-5.5.0.jar:/Users/p.balahonov/.m2/repository/org/apiguardian/apiguardian-api/1.1.0/apiguardian-api-1.1.0.jar:/Users/p.balahonov/.m2/repository/io/cucumber/cucumber-guice/5.5.0/cucumber-guice-5.5.0.jar:/Users/p.balahonov/.m2/repository/com/google/inject/guice/5.1.0/guice-5.1.0.jar:/Users/p.balahonov/.m2/repository/javax/inject/javax.inject/1/javax.inject-1.jar:/Users/p.balahonov/.m2/repository/aopalliance/aopalliance/1.0/aopalliance-1.0.jar:"/>
    <property name="java.vm.vendor" value="Oracle Corporation"/>
    <property name="sun.arch.data.model" value="64"/>
    <property name="java.vendor.url" value="https://java.oracle.com/"/>
    <property name="os.name" value="Mac OS X"/>
    <property name="java.vm.specification.version" value="18"/>
    <property name="sun.java.launcher" value="SUN_STANDARD"/>
    <property name="user.country" value="RU"/>
    <property name="sun.boot.library.path" value="/Library/Java/JavaVirtualMachines/jdk-18.jdk/Contents/Home/lib"/>
    <property name="sun.java.command" value="/Users/p.balahonov/IdeaProjects/Java-qa-pro/target/surefire/surefirebooter3388644209198798617.jar /Users/p.balahonov/IdeaProjects/Java-qa-pro/target/surefire 2022-03-31T23-00-07_295-jvmRun1 surefire14360106426865698305tmp surefire_04874069407817934032tmp"/>
    <property name="jdk.debug" value="release"/>
    <property name="surefire.test.class.path" value="/Users/p.balahonov/IdeaProjects/Java-qa-pro/target/test-classes:/Users/p.balahonov/IdeaProjects/Java-qa-pro/target/classes:/Users/p.balahonov/.m2/repository/io/github/bonigarcia/webdrivermanager/4.2.0/webdrivermanager-4.2.0.jar:/Users/p.balahonov/.m2/repository/org/slf4j/slf4j-api/1.7.30/slf4j-api-1.7.30.jar:/Users/p.balahonov/.m2/repository/commons-io/commons-io/2.7/commons-io-2.7.jar:/Users/p.balahonov/.m2/repository/com/google/code/gson/gson/2.8.6/gson-2.8.6.jar:/Users/p.balahonov/.m2/repository/org/apache/commons/commons-lang3/3.11/commons-lang3-3.11.jar:/Users/p.balahonov/.m2/repository/org/apache/httpcomponents/client5/httpclient5/5.0.1/httpclient5-5.0.1.jar:/Users/p.balahonov/.m2/repository/org/apache/httpcomponents/core5/httpcore5/5.0.1/httpcore5-5.0.1.jar:/Users/p.balahonov/.m2/repository/org/apache/httpcomponents/core5/httpcore5-h2/5.0.1/httpcore5-h2-5.0.1.jar:/Users/p.balahonov/.m2/repository/commons-codec/commons-codec/1.13/commons-codec-1.13.jar:/Users/p.balahonov/.m2/repository/org/rauschig/jarchivelib/1.0.0/jarchivelib-1.0.0.jar:/Users/p.balahonov/.m2/repository/org/apache/commons/commons-compress/1.18/commons-compress-1.18.jar:/Users/p.balahonov/.m2/repository/org/jsoup/jsoup/1.13.1/jsoup-1.13.1.jar:/Users/p.balahonov/.m2/repository/org/seleniumhq/selenium/selenium-java/3.141.59/selenium-java-3.141.59.jar:/Users/p.balahonov/.m2/repository/org/seleniumhq/selenium/selenium-api/3.141.59/selenium-api-3.141.59.jar:/Users/p.balahonov/.m2/repository/org/seleniumhq/selenium/selenium-chrome-driver/3.141.59/selenium-chrome-driver-3.141.59.jar:/Users/p.balahonov/.m2/repository/org/seleniumhq/selenium/selenium-edge-driver/3.141.59/selenium-edge-driver-3.141.59.jar:/Users/p.balahonov/.m2/repository/org/seleniumhq/selenium/selenium-firefox-driver/3.141.59/selenium-firefox-driver-3.141.59.jar:/Users/p.balahonov/.m2/repository/org/seleniumhq/selenium/selenium-ie-driver/3.141.59/selenium-ie-driver-3.141.59.jar:/Users/p.balahonov/.m2/repository/org/seleniumhq/selenium/selenium-opera-driver/3.141.59/selenium-opera-driver-3.141.59.jar:/Users/p.balahonov/.m2/repository/org/seleniumhq/selenium/selenium-remote-driver/3.141.59/selenium-remote-driver-3.141.59.jar:/Users/p.balahonov/.m2/repository/org/seleniumhq/selenium/selenium-safari-driver/3.141.59/selenium-safari-driver-3.141.59.jar:/Users/p.balahonov/.m2/repository/org/seleniumhq/selenium/selenium-support/3.141.59/selenium-support-3.141.59.jar:/Users/p.balahonov/.m2/repository/net/bytebuddy/byte-buddy/1.8.15/byte-buddy-1.8.15.jar:/Users/p.balahonov/.m2/repository/org/apache/commons/commons-exec/1.3/commons-exec-1.3.jar:/Users/p.balahonov/.m2/repository/com/google/guava/guava/25.0-jre/guava-25.0-jre.jar:/Users/p.balahonov/.m2/repository/com/google/code/findbugs/jsr305/1.3.9/jsr305-1.3.9.jar:/Users/p.balahonov/.m2/repository/org/checkerframework/checker-compat-qual/2.0.0/checker-compat-qual-2.0.0.jar:/Users/p.balahonov/.m2/repository/com/google/errorprone/error_prone_annotations/2.1.3/error_prone_annotations-2.1.3.jar:/Users/p.balahonov/.m2/repository/com/google/j2objc/j2objc-annotations/1.1/j2objc-annotations-1.1.jar:/Users/p.balahonov/.m2/repository/org/codehaus/mojo/animal-sniffer-annotations/1.14/animal-sniffer-annotations-1.14.jar:/Users/p.balahonov/.m2/repository/com/squareup/okhttp3/okhttp/3.11.0/okhttp-3.11.0.jar:/Users/p.balahonov/.m2/repository/com/squareup/okio/okio/1.14.0/okio-1.14.0.jar:/Users/p.balahonov/.m2/repository/org/junit/jupiter/junit-jupiter/5.8.1/junit-jupiter-5.8.1.jar:/Users/p.balahonov/.m2/repository/org/junit/jupiter/junit-jupiter-api/5.8.1/junit-jupiter-api-5.8.1.jar:/Users/p.balahonov/.m2/repository/org/opentest4j/opentest4j/1.2.0/opentest4j-1.2.0.jar:/Users/p.balahonov/.m2/repository/org/junit/platform/junit-platform-commons/1.8.1/junit-platform-commons-1.8.1.jar:/Users/p.balahonov/.m2/repository/org/junit/jupiter/junit-jupiter-params/5.8.1/junit-jupiter-params-5.8.1.jar:/Users/p.balahonov/.m2/repository/org/junit/jupiter/junit-jupiter-engine/5.8.1/junit-jupiter-engine-5.8.1.jar:/Users/p.balahonov/.m2/repository/io/cucumber/cucumber-junit-platform-engine/5.5.0/cucumber-junit-platform-engine-5.5.0.jar:/Users/p.balahonov/.m2/repository/io/cucumber/cucumber-core/5.5.0/cucumber-core-5.5.0.jar:/Users/p.balahonov/.m2/repository/io/cucumber/cucumber-gherkin/5.5.0/cucumber-gherkin-5.5.0.jar:/Users/p.balahonov/.m2/repository/io/cucumber/cucumber-gherkin-vintage/5.5.0/cucumber-gherkin-vintage-5.5.0.jar:/Users/p.balahonov/.m2/repository/io/cucumber/tag-expressions/2.0.4/tag-expressions-2.0.4.jar:/Users/p.balahonov/.m2/repository/io/cucumber/cucumber-expressions/8.3.1/cucumber-expressions-8.3.1.jar:/Users/p.balahonov/.m2/repository/io/cucumber/datatable/3.3.0/datatable-3.3.0.jar:/Users/p.balahonov/.m2/repository/io/cucumber/cucumber-plugin/5.5.0/cucumber-plugin-5.5.0.jar:/Users/p.balahonov/.m2/repository/io/cucumber/docstring/5.5.0/docstring-5.5.0.jar:/Users/p.balahonov/.m2/repository/org/junit/platform/junit-platform-engine/1.6.0/junit-platform-engine-1.6.0.jar:/Users/p.balahonov/.m2/repository/io/cucumber/cucumber-java/5.5.0/cucumber-java-5.5.0.jar:/Users/p.balahonov/.m2/repository/org/apiguardian/apiguardian-api/1.1.0/apiguardian-api-1.1.0.jar:/Users/p.balahonov/.m2/repository/io/cucumber/cucumber-guice/5.5.0/cucumber-guice-5.5.0.jar:/Users/p.balahonov/.m2/repository/com/google/inject/guice/5.1.0/guice-5.1.0.jar:/Users/p.balahonov/.m2/repository/javax/inject/javax.inject/1/javax.inject-1.jar:/Users/p.balahonov/.m2/repository/aopalliance/aopalliance/1.0/aopalliance-1.0.jar:"/>
    <property name="sun.cpu.endian" value="little"/>
    <property name="user.home" value="/Users/p.balahonov"/>
    <property name="user.language" value="ru"/>
    <property name="java.specification.vendor" value="Oracle Corporation"/>
    <property name="java.version.date" value="2022-03-22"/>
    <property name="java.home" value="/Library/Java/JavaVirtualMachines/jdk-18.jdk/Contents/Home"/>
    <property name="file.separator" value="/"/>
    <property name="basedir" value="/Users/p.balahonov/IdeaProjects/Java-qa-pro"/>
    <property name="java.vm.compressedOopsMode" value="Zero based"/>
    <property name="line.separator" value="&#10;"/>
    <property name="java.specification.name" value="Java Platform API Specification"/>
    <property name="java.vm.specification.vendor" value="Oracle Corporation"/>
    <property name="apple.awt.application.name" value="ForkedBooter"/>
    <property name="surefire.real.class.path" value="/Users/p.balahonov/IdeaProjects/Java-qa-pro/target/surefire/surefirebooter3388644209198798617.jar"/>
    <property name="sun.management.compiler" value="HotSpot 64-Bit Tiered Compilers"/>
    <property name="java.runtime.version" value="18+36-2087"/>
    <property name="user.name" value="p.balahonov"/>
    <property name="path.separator" value=":"/>
    <property name="os.version" value="12.3"/>
    <property name="java.runtime.name" value="Java(TM) SE Runtime Environment"/>
    <property name="file.encoding" value="UTF-8"/>
    <property name="browser" value="chrome"/>
    <property name="java.vm.name" value="Java HotSpot(TM) 64-Bit Server VM"/>
    <property name="localRepository" value="/Users/p.balahonov/.m2/repository"/>
    <property name="java.vendor.url.bug" value="https://bugreport.java.com/bugreport/"/>
    <property name="java.io.tmpdir" value="/var/folders/pw/4f_7t_b93zv763t302_cvzgh0000gp/T/"/>
    <property name="idea.version" value="2021.3.3"/>
    <property name="java.version" value="18"/>
    <property name="cucumber.filter.tags" value="@map"/>
    <property name="user.dir" value="/Users/p.balahonov/IdeaProjects/Java-qa-pro"/>
    <property name="os.arch" value="x86_64"/>
    <property name="java.vm.specification.name" value="Java Virtual Machine Specification"/>
    <property name="native.encoding" value="UTF-8"/>
    <property name="java.library.path" value="/Users/p.balahonov/Library/Java/Extensions:/Library/Java/Extensions:/Network/Library/Java/Extensions:/System/Library/Java/Extensions:/usr/lib/java:."/>
    <property name="java.vm.info" value="mixed mode, sharing"/>
    <property name="java.vendor" value="Oracle Corporation"/>
    <property name="java.vm.version" value="18+36-2087"/>
    <property name="sun.io.unicode.encoding" value="UnicodeBig"/>
    <property name="java.class.version" value="62.0"/>
  </properties>
  <testcase name="Map data to object" classname="Страница категории курса" time="5.13"/>
</testsuite>